{"C:\\Users\\jejth\\OneDrive - ITM8\\Dokumenter\\DTU kursus 02363\\git\\Gruppe6-frontEnd\\src\\App.tsx": {"path":"C:\\Users\\jejth\\OneDrive - ITM8\\Dokumenter\\DTU kursus 02363\\git\\Gruppe6-frontEnd\\src\\App.tsx","all":false,"statementMap":{"0":{"start":{"line":1,"column":0},"end":{"line":1,"column":33}},"1":{"start":{"line":2,"column":0},"end":{"line":2,"column":49}},"2":{"start":{"line":3,"column":0},"end":{"line":3,"column":49}},"3":{"start":{"line":4,"column":0},"end":{"line":4,"column":56}},"4":{"start":{"line":5,"column":0},"end":{"line":5,"column":45}},"5":{"start":{"line":6,"column":0},"end":{"line":6,"column":38}},"6":{"start":{"line":7,"column":0},"end":{"line":7,"column":43}},"7":{"start":{"line":8,"column":0},"end":{"line":8,"column":0}},"8":{"start":{"line":9,"column":0},"end":{"line":9,"column":14}},"9":{"start":{"line":10,"column":0},"end":{"line":10,"column":22}},"10":{"start":{"line":11,"column":0},"end":{"line":11,"column":1}},"11":{"start":{"line":12,"column":0},"end":{"line":12,"column":0}},"12":{"start":{"line":13,"column":0},"end":{"line":13,"column":31}},"13":{"start":{"line":14,"column":0},"end":{"line":14,"column":64}},"14":{"start":{"line":15,"column":0},"end":{"line":15,"column":0}},"15":{"start":{"line":16,"column":0},"end":{"line":16,"column":10}},"16":{"start":{"line":17,"column":0},"end":{"line":17,"column":30}},"17":{"start":{"line":18,"column":0},"end":{"line":18,"column":16}},"18":{"start":{"line":19,"column":0},"end":{"line":19,"column":11}},"19":{"start":{"line":20,"column":0},"end":{"line":20,"column":66}},"20":{"start":{"line":21,"column":0},"end":{"line":21,"column":12}},"21":{"start":{"line":22,"column":0},"end":{"line":22,"column":11}},"22":{"start":{"line":23,"column":0},"end":{"line":23,"column":40}},"23":{"start":{"line":24,"column":0},"end":{"line":24,"column":12}},"24":{"start":{"line":25,"column":0},"end":{"line":25,"column":11}},"25":{"start":{"line":26,"column":0},"end":{"line":26,"column":4}},"26":{"start":{"line":27,"column":0},"end":{"line":27,"column":1}}},"s":{"0":1,"1":1,"2":1,"3":1,"4":1,"5":1,"6":1,"7":1,"8":1,"9":1,"10":1,"11":1,"12":2,"13":2,"14":2,"15":2,"16":2,"17":2,"18":2,"19":2,"20":2,"21":2,"22":2,"23":2,"24":2,"25":2,"26":2},"branchMap":{"0":{"type":"branch","line":13,"loc":{"start":{"line":13,"column":0},"end":{"line":27,"column":1}},"locations":[{"start":{"line":13,"column":0},"end":{"line":27,"column":1}}]}},"b":{"0":[2]},"fnMap":{"0":{"name":"App","decl":{"start":{"line":13,"column":0},"end":{"line":27,"column":1}},"loc":{"start":{"line":13,"column":0},"end":{"line":27,"column":1}},"line":13}},"f":{"0":2}}
,"C:\\Users\\jejth\\OneDrive - ITM8\\Dokumenter\\DTU kursus 02363\\git\\Gruppe6-frontEnd\\src\\components\\Checkout.tsx": {"path":"C:\\Users\\jejth\\OneDrive - ITM8\\Dokumenter\\DTU kursus 02363\\git\\Gruppe6-frontEnd\\src\\components\\Checkout.tsx","all":false,"statementMap":{"0":{"start":{"line":1,"column":0},"end":{"line":1,"column":44}},"1":{"start":{"line":2,"column":0},"end":{"line":2,"column":44}},"2":{"start":{"line":3,"column":0},"end":{"line":3,"column":0}},"3":{"start":{"line":4,"column":0},"end":{"line":4,"column":53}},"4":{"start":{"line":5,"column":0},"end":{"line":5,"column":0}},"5":{"start":{"line":6,"column":0},"end":{"line":6,"column":21}},"6":{"start":{"line":7,"column":0},"end":{"line":7,"column":0}},"7":{"start":{"line":8,"column":0},"end":{"line":8,"column":43}},"8":{"start":{"line":9,"column":0},"end":{"line":9,"column":23}},"9":{"start":{"line":10,"column":0},"end":{"line":10,"column":5}},"10":{"start":{"line":11,"column":0},"end":{"line":11,"column":20}},"11":{"start":{"line":12,"column":0},"end":{"line":12,"column":18}},"12":{"start":{"line":13,"column":0},"end":{"line":13,"column":39}},"13":{"start":{"line":14,"column":0},"end":{"line":14,"column":23}},"14":{"start":{"line":15,"column":0},"end":{"line":15,"column":53}},"15":{"start":{"line":16,"column":0},"end":{"line":16,"column":6}},"16":{"start":{"line":17,"column":0},"end":{"line":17,"column":5}},"17":{"start":{"line":18,"column":0},"end":{"line":18,"column":22}},"18":{"start":{"line":19,"column":0},"end":{"line":19,"column":18}},"19":{"start":{"line":20,"column":0},"end":{"line":20,"column":41}},"20":{"start":{"line":21,"column":0},"end":{"line":21,"column":25}},"21":{"start":{"line":22,"column":0},"end":{"line":22,"column":53}},"22":{"start":{"line":23,"column":0},"end":{"line":23,"column":6}},"23":{"start":{"line":24,"column":0},"end":{"line":24,"column":5}},"24":{"start":{"line":25,"column":0},"end":{"line":25,"column":28}},"25":{"start":{"line":26,"column":0},"end":{"line":26,"column":17}},"26":{"start":{"line":27,"column":0},"end":{"line":27,"column":39}},"27":{"start":{"line":28,"column":0},"end":{"line":28,"column":31}},"28":{"start":{"line":29,"column":0},"end":{"line":29,"column":35}},"29":{"start":{"line":30,"column":0},"end":{"line":30,"column":5}},"30":{"start":{"line":31,"column":0},"end":{"line":31,"column":1}},"31":{"start":{"line":32,"column":0},"end":{"line":32,"column":0}},"32":{"start":{"line":33,"column":0},"end":{"line":33,"column":14}},"33":{"start":{"line":34,"column":0},"end":{"line":34,"column":24}},"34":{"start":{"line":35,"column":0},"end":{"line":35,"column":1}},"35":{"start":{"line":36,"column":0},"end":{"line":36,"column":0}},"36":{"start":{"line":37,"column":0},"end":{"line":37,"column":52}},"37":{"start":{"line":38,"column":0},"end":{"line":38,"column":50}},"38":{"start":{"line":39,"column":0},"end":{"line":39,"column":66}},"39":{"start":{"line":40,"column":0},"end":{"line":40,"column":69}},"40":{"start":{"line":41,"column":0},"end":{"line":41,"column":0}},"41":{"start":{"line":42,"column":0},"end":{"line":42,"column":0}},"42":{"start":{"line":43,"column":0},"end":{"line":43,"column":55}},"43":{"start":{"line":44,"column":0},"end":{"line":44,"column":22}},"44":{"start":{"line":45,"column":0},"end":{"line":45,"column":16}},"45":{"start":{"line":46,"column":0},"end":{"line":46,"column":82}},"46":{"start":{"line":47,"column":0},"end":{"line":47,"column":9}},"47":{"start":{"line":48,"column":0},"end":{"line":48,"column":5}},"48":{"start":{"line":49,"column":0},"end":{"line":49,"column":0}},"49":{"start":{"line":50,"column":0},"end":{"line":50,"column":44}},"50":{"start":{"line":51,"column":0},"end":{"line":51,"column":61}},"51":{"start":{"line":52,"column":0},"end":{"line":52,"column":25}},"52":{"start":{"line":53,"column":0},"end":{"line":53,"column":32}},"53":{"start":{"line":54,"column":0},"end":{"line":54,"column":41}},"54":{"start":{"line":55,"column":0},"end":{"line":55,"column":65}},"55":{"start":{"line":56,"column":0},"end":{"line":56,"column":15}},"56":{"start":{"line":57,"column":0},"end":{"line":57,"column":62}},"57":{"start":{"line":58,"column":0},"end":{"line":58,"column":22}},"58":{"start":{"line":59,"column":0},"end":{"line":59,"column":0}},"59":{"start":{"line":60,"column":0},"end":{"line":60,"column":16}},"60":{"start":{"line":61,"column":0},"end":{"line":61,"column":62}},"61":{"start":{"line":62,"column":0},"end":{"line":62,"column":9}},"62":{"start":{"line":63,"column":0},"end":{"line":63,"column":5}},"63":{"start":{"line":64,"column":0},"end":{"line":64,"column":0}},"64":{"start":{"line":65,"column":0},"end":{"line":65,"column":29}},"65":{"start":{"line":66,"column":0},"end":{"line":66,"column":16}},"66":{"start":{"line":67,"column":0},"end":{"line":67,"column":91}},"67":{"start":{"line":68,"column":0},"end":{"line":68,"column":9}},"68":{"start":{"line":69,"column":0},"end":{"line":69,"column":5}},"69":{"start":{"line":70,"column":0},"end":{"line":70,"column":0}},"70":{"start":{"line":71,"column":0},"end":{"line":71,"column":32}},"71":{"start":{"line":72,"column":0},"end":{"line":72,"column":59}},"72":{"start":{"line":73,"column":0},"end":{"line":73,"column":36}},"73":{"start":{"line":74,"column":0},"end":{"line":74,"column":35}},"74":{"start":{"line":75,"column":0},"end":{"line":75,"column":9}},"75":{"start":{"line":76,"column":0},"end":{"line":76,"column":0}},"76":{"start":{"line":77,"column":0},"end":{"line":77,"column":16}},"77":{"start":{"line":78,"column":0},"end":{"line":78,"column":0}},"78":{"start":{"line":79,"column":0},"end":{"line":79,"column":18}},"79":{"start":{"line":80,"column":0},"end":{"line":80,"column":26}},"80":{"start":{"line":81,"column":0},"end":{"line":81,"column":52}},"81":{"start":{"line":82,"column":0},"end":{"line":82,"column":32}},"82":{"start":{"line":83,"column":0},"end":{"line":83,"column":33}},"83":{"start":{"line":84,"column":0},"end":{"line":84,"column":39}},"84":{"start":{"line":85,"column":0},"end":{"line":85,"column":213}},"85":{"start":{"line":86,"column":0},"end":{"line":86,"column":40}},"86":{"start":{"line":87,"column":0},"end":{"line":87,"column":56}},"87":{"start":{"line":88,"column":0},"end":{"line":88,"column":60}},"88":{"start":{"line":89,"column":0},"end":{"line":89,"column":54}},"89":{"start":{"line":90,"column":0},"end":{"line":90,"column":39}},"90":{"start":{"line":91,"column":0},"end":{"line":91,"column":60}},"91":{"start":{"line":92,"column":0},"end":{"line":92,"column":40}},"92":{"start":{"line":93,"column":0},"end":{"line":93,"column":40}},"93":{"start":{"line":94,"column":0},"end":{"line":94,"column":34}},"94":{"start":{"line":95,"column":0},"end":{"line":95,"column":25}},"95":{"start":{"line":96,"column":0},"end":{"line":96,"column":23}},"96":{"start":{"line":97,"column":0},"end":{"line":97,"column":27}},"97":{"start":{"line":98,"column":0},"end":{"line":98,"column":19}},"98":{"start":{"line":99,"column":0},"end":{"line":99,"column":9}},"99":{"start":{"line":100,"column":0},"end":{"line":100,"column":5}},"100":{"start":{"line":101,"column":0},"end":{"line":101,"column":0}},"101":{"start":{"line":102,"column":0},"end":{"line":102,"column":67}},"102":{"start":{"line":103,"column":0},"end":{"line":103,"column":41}},"103":{"start":{"line":104,"column":0},"end":{"line":104,"column":28}},"104":{"start":{"line":105,"column":0},"end":{"line":105,"column":37}},"105":{"start":{"line":106,"column":0},"end":{"line":106,"column":42}},"106":{"start":{"line":107,"column":0},"end":{"line":107,"column":11}},"107":{"start":{"line":108,"column":0},"end":{"line":108,"column":53}},"108":{"start":{"line":109,"column":0},"end":{"line":109,"column":51}},"109":{"start":{"line":110,"column":0},"end":{"line":110,"column":16}},"110":{"start":{"line":111,"column":0},"end":{"line":111,"column":103}},"111":{"start":{"line":112,"column":0},"end":{"line":112,"column":9}},"112":{"start":{"line":113,"column":0},"end":{"line":113,"column":5}},"113":{"start":{"line":114,"column":0},"end":{"line":114,"column":0}},"114":{"start":{"line":115,"column":0},"end":{"line":115,"column":12}},"115":{"start":{"line":116,"column":0},"end":{"line":116,"column":40}},"116":{"start":{"line":117,"column":0},"end":{"line":117,"column":21}},"117":{"start":{"line":118,"column":0},"end":{"line":118,"column":44}},"118":{"start":{"line":119,"column":0},"end":{"line":119,"column":28}},"119":{"start":{"line":120,"column":0},"end":{"line":120,"column":31}},"120":{"start":{"line":121,"column":0},"end":{"line":121,"column":41}},"121":{"start":{"line":122,"column":0},"end":{"line":122,"column":14}},"122":{"start":{"line":123,"column":0},"end":{"line":123,"column":5}},"123":{"start":{"line":124,"column":0},"end":{"line":124,"column":1}}},"s":{"0":1,"1":1,"2":1,"3":1,"4":1,"5":1,"6":1,"7":1,"8":1,"9":1,"10":1,"11":1,"12":1,"13":1,"14":1,"15":1,"16":1,"17":1,"18":1,"19":1,"20":1,"21":1,"22":1,"23":1,"24":1,"25":1,"26":1,"27":1,"28":1,"29":1,"30":1,"31":1,"32":1,"33":1,"34":1,"35":1,"36":1,"37":1,"38":2,"39":2,"40":2,"41":2,"42":2,"43":2,"44":1,"45":1,"46":1,"47":1,"48":2,"49":2,"50":2,"51":2,"52":1,"53":1,"54":29,"55":1,"56":1,"57":2,"58":2,"59":2,"60":2,"61":2,"62":2,"63":2,"64":2,"65":1,"66":1,"67":1,"68":1,"69":2,"70":2,"71":2,"72":0,"73":0,"74":0,"75":2,"76":2,"77":2,"78":2,"79":2,"80":2,"81":6,"82":6,"83":6,"84":6,"85":6,"86":6,"87":6,"88":6,"89":6,"90":6,"91":6,"92":6,"93":6,"94":6,"95":2,"96":2,"97":2,"98":2,"99":2,"100":2,"101":2,"102":2,"103":1,"104":1,"105":29,"106":1,"107":1,"108":1,"109":1,"110":1,"111":1,"112":1,"113":2,"114":2,"115":2,"116":2,"117":2,"118":2,"119":2,"120":2,"121":2,"122":2,"123":1},"branchMap":{"0":{"type":"branch","line":38,"loc":{"start":{"line":38,"column":24},"end":{"line":124,"column":1}},"locations":[{"start":{"line":38,"column":24},"end":{"line":124,"column":1}}]},"1":{"type":"branch","line":44,"loc":{"start":{"line":44,"column":4},"end":{"line":48,"column":5}},"locations":[{"start":{"line":44,"column":4},"end":{"line":48,"column":5}}]},"2":{"type":"branch","line":50,"loc":{"start":{"line":50,"column":4},"end":{"line":63,"column":5}},"locations":[{"start":{"line":50,"column":4},"end":{"line":63,"column":5}}]},"3":{"type":"branch","line":52,"loc":{"start":{"line":52,"column":18},"end":{"line":58,"column":11}},"locations":[{"start":{"line":52,"column":18},"end":{"line":58,"column":11}}]},"4":{"type":"branch","line":54,"loc":{"start":{"line":54,"column":29},"end":{"line":56,"column":13}},"locations":[{"start":{"line":54,"column":29},"end":{"line":56,"column":13}}]},"5":{"type":"branch","line":65,"loc":{"start":{"line":65,"column":4},"end":{"line":69,"column":5}},"locations":[{"start":{"line":65,"column":4},"end":{"line":69,"column":5}}]},"6":{"type":"branch","line":71,"loc":{"start":{"line":71,"column":4},"end":{"line":100,"column":5}},"locations":[{"start":{"line":71,"column":4},"end":{"line":100,"column":5}}]},"7":{"type":"branch","line":81,"loc":{"start":{"line":81,"column":39},"end":{"line":96,"column":21}},"locations":[{"start":{"line":81,"column":39},"end":{"line":96,"column":21}}]},"8":{"type":"branch","line":103,"loc":{"start":{"line":103,"column":4},"end":{"line":113,"column":5}},"locations":[{"start":{"line":103,"column":4},"end":{"line":113,"column":5}}]},"9":{"type":"branch","line":105,"loc":{"start":{"line":105,"column":25},"end":{"line":107,"column":9}},"locations":[{"start":{"line":105,"column":25},"end":{"line":107,"column":9}}]},"10":{"type":"branch","line":124,"loc":{"start":{"line":124,"column":0},"end":{"line":124,"column":1}},"locations":[{"start":{"line":124,"column":0},"end":{"line":124,"column":1}}]}},"b":{"0":[2],"1":[1],"2":[2],"3":[1],"4":[29],"5":[1],"6":[2],"7":[6],"8":[1],"9":[29],"10":[1]},"fnMap":{"0":{"name":"Checkout","decl":{"start":{"line":38,"column":24},"end":{"line":124,"column":1}},"loc":{"start":{"line":38,"column":24},"end":{"line":124,"column":1}},"line":38},"1":{"name":"Title","decl":{"start":{"line":44,"column":4},"end":{"line":48,"column":5}},"loc":{"start":{"line":44,"column":4},"end":{"line":48,"column":5}},"line":44},"2":{"name":"Subtotal","decl":{"start":{"line":50,"column":4},"end":{"line":63,"column":5}},"loc":{"start":{"line":50,"column":4},"end":{"line":63,"column":5}},"line":50},"3":{"name":"DeliveryCost","decl":{"start":{"line":65,"column":4},"end":{"line":69,"column":5}},"loc":{"start":{"line":65,"column":4},"end":{"line":69,"column":5}},"line":65},"4":{"name":"DeliveryMethods","decl":{"start":{"line":71,"column":4},"end":{"line":100,"column":5}},"loc":{"start":{"line":71,"column":4},"end":{"line":100,"column":5}},"line":71},"5":{"name":"selectRadio","decl":{"start":{"line":72,"column":8},"end":{"line":75,"column":9}},"loc":{"start":{"line":72,"column":8},"end":{"line":75,"column":9}},"line":72},"6":{"name":"onClick","decl":{"start":{"line":85,"column":125},"end":{"line":85,"column":171}},"loc":{"start":{"line":85,"column":125},"end":{"line":85,"column":171}},"line":85},"7":{"name":"Total","decl":{"start":{"line":103,"column":4},"end":{"line":113,"column":5}},"loc":{"start":{"line":103,"column":4},"end":{"line":113,"column":5}},"line":103},"8":{"name":"onClick","decl":{"start":{"line":111,"column":58},"end":{"line":111,"column":69}},"loc":{"start":{"line":111,"column":58},"end":{"line":111,"column":69}},"line":111},"9":{"name":"get","decl":{"start":{"line":124,"column":0},"end":{"line":124,"column":1}},"loc":{"start":{"line":124,"column":0},"end":{"line":124,"column":1}},"line":124}},"f":{"0":2,"1":1,"2":2,"3":1,"4":2,"5":0,"6":0,"7":1,"8":0,"9":1}}
,"C:\\Users\\jejth\\OneDrive - ITM8\\Dokumenter\\DTU kursus 02363\\git\\Gruppe6-frontEnd\\src\\components\\Products.tsx": {"path":"C:\\Users\\jejth\\OneDrive - ITM8\\Dokumenter\\DTU kursus 02363\\git\\Gruppe6-frontEnd\\src\\components\\Products.tsx","all":false,"statementMap":{"0":{"start":{"line":1,"column":0},"end":{"line":1,"column":59}},"1":{"start":{"line":2,"column":0},"end":{"line":2,"column":44}},"2":{"start":{"line":3,"column":0},"end":{"line":3,"column":0}},"3":{"start":{"line":4,"column":0},"end":{"line":4,"column":14}},"4":{"start":{"line":5,"column":0},"end":{"line":5,"column":24}},"5":{"start":{"line":6,"column":0},"end":{"line":6,"column":53}},"6":{"start":{"line":7,"column":0},"end":{"line":7,"column":1}},"7":{"start":{"line":8,"column":0},"end":{"line":8,"column":0}},"8":{"start":{"line":9,"column":0},"end":{"line":9,"column":63}},"9":{"start":{"line":10,"column":0},"end":{"line":10,"column":0}},"10":{"start":{"line":11,"column":0},"end":{"line":11,"column":61}},"11":{"start":{"line":12,"column":0},"end":{"line":12,"column":0}},"12":{"start":{"line":13,"column":0},"end":{"line":13,"column":50}},"13":{"start":{"line":14,"column":0},"end":{"line":14,"column":0}},"14":{"start":{"line":15,"column":0},"end":{"line":15,"column":49}},"15":{"start":{"line":16,"column":0},"end":{"line":16,"column":20}},"16":{"start":{"line":17,"column":0},"end":{"line":17,"column":25}},"17":{"start":{"line":18,"column":0},"end":{"line":18,"column":23}},"18":{"start":{"line":19,"column":0},"end":{"line":19,"column":13}},"19":{"start":{"line":20,"column":0},"end":{"line":20,"column":9}},"20":{"start":{"line":21,"column":0},"end":{"line":21,"column":34}},"21":{"start":{"line":22,"column":0},"end":{"line":22,"column":5}},"22":{"start":{"line":23,"column":0},"end":{"line":23,"column":0}},"23":{"start":{"line":24,"column":0},"end":{"line":24,"column":50}},"24":{"start":{"line":25,"column":0},"end":{"line":25,"column":9}},"25":{"start":{"line":26,"column":0},"end":{"line":26,"column":43}},"26":{"start":{"line":27,"column":0},"end":{"line":27,"column":13}},"27":{"start":{"line":28,"column":0},"end":{"line":28,"column":34}},"28":{"start":{"line":29,"column":0},"end":{"line":29,"column":41}},"29":{"start":{"line":30,"column":0},"end":{"line":30,"column":46}},"30":{"start":{"line":31,"column":0},"end":{"line":31,"column":37}},"31":{"start":{"line":32,"column":0},"end":{"line":32,"column":36}},"32":{"start":{"line":33,"column":0},"end":{"line":33,"column":44}},"33":{"start":{"line":34,"column":0},"end":{"line":34,"column":29}},"34":{"start":{"line":35,"column":0},"end":{"line":35,"column":25}},"35":{"start":{"line":36,"column":0},"end":{"line":36,"column":21}},"36":{"start":{"line":37,"column":0},"end":{"line":37,"column":18}},"37":{"start":{"line":38,"column":0},"end":{"line":38,"column":17}},"38":{"start":{"line":39,"column":0},"end":{"line":39,"column":41}},"39":{"start":{"line":40,"column":0},"end":{"line":40,"column":13}},"40":{"start":{"line":41,"column":0},"end":{"line":41,"column":9}},"41":{"start":{"line":42,"column":0},"end":{"line":42,"column":5}},"42":{"start":{"line":43,"column":0},"end":{"line":43,"column":0}},"43":{"start":{"line":44,"column":0},"end":{"line":44,"column":54}},"44":{"start":{"line":45,"column":0},"end":{"line":45,"column":53}},"45":{"start":{"line":46,"column":0},"end":{"line":46,"column":5}},"46":{"start":{"line":47,"column":0},"end":{"line":47,"column":0}},"47":{"start":{"line":48,"column":0},"end":{"line":48,"column":55}},"48":{"start":{"line":49,"column":0},"end":{"line":49,"column":35}},"49":{"start":{"line":50,"column":0},"end":{"line":50,"column":30}},"50":{"start":{"line":51,"column":0},"end":{"line":51,"column":9}},"51":{"start":{"line":52,"column":0},"end":{"line":52,"column":5}},"52":{"start":{"line":53,"column":0},"end":{"line":53,"column":0}},"53":{"start":{"line":54,"column":0},"end":{"line":54,"column":42}},"54":{"start":{"line":55,"column":0},"end":{"line":55,"column":100}},"55":{"start":{"line":56,"column":0},"end":{"line":56,"column":93}},"56":{"start":{"line":57,"column":0},"end":{"line":57,"column":9}},"57":{"start":{"line":58,"column":0},"end":{"line":58,"column":59}},"58":{"start":{"line":59,"column":0},"end":{"line":59,"column":61}},"59":{"start":{"line":60,"column":0},"end":{"line":60,"column":9}},"60":{"start":{"line":61,"column":0},"end":{"line":61,"column":62}},"61":{"start":{"line":62,"column":0},"end":{"line":62,"column":91}},"62":{"start":{"line":63,"column":0},"end":{"line":63,"column":9}},"63":{"start":{"line":64,"column":0},"end":{"line":64,"column":14}},"64":{"start":{"line":65,"column":0},"end":{"line":65,"column":53}},"65":{"start":{"line":66,"column":0},"end":{"line":66,"column":9}},"66":{"start":{"line":67,"column":0},"end":{"line":67,"column":5}},"67":{"start":{"line":68,"column":0},"end":{"line":68,"column":0}},"68":{"start":{"line":69,"column":0},"end":{"line":69,"column":12}},"69":{"start":{"line":70,"column":0},"end":{"line":70,"column":33}},"70":{"start":{"line":71,"column":0},"end":{"line":71,"column":19}},"71":{"start":{"line":72,"column":0},"end":{"line":72,"column":23}},"72":{"start":{"line":73,"column":0},"end":{"line":73,"column":55}},"73":{"start":{"line":74,"column":0},"end":{"line":74,"column":32}},"74":{"start":{"line":75,"column":0},"end":{"line":75,"column":80}},"75":{"start":{"line":76,"column":0},"end":{"line":76,"column":50}},"76":{"start":{"line":77,"column":0},"end":{"line":77,"column":41}},"77":{"start":{"line":78,"column":0},"end":{"line":78,"column":54}},"78":{"start":{"line":79,"column":0},"end":{"line":79,"column":41}},"79":{"start":{"line":80,"column":0},"end":{"line":80,"column":65}},"80":{"start":{"line":81,"column":0},"end":{"line":81,"column":103}},"81":{"start":{"line":82,"column":0},"end":{"line":82,"column":37}},"82":{"start":{"line":83,"column":0},"end":{"line":83,"column":50}},"83":{"start":{"line":84,"column":0},"end":{"line":84,"column":73}},"84":{"start":{"line":85,"column":0},"end":{"line":85,"column":85}},"85":{"start":{"line":86,"column":0},"end":{"line":86,"column":41}},"86":{"start":{"line":87,"column":0},"end":{"line":87,"column":37}},"87":{"start":{"line":88,"column":0},"end":{"line":88,"column":36}},"88":{"start":{"line":89,"column":0},"end":{"line":89,"column":97}},"89":{"start":{"line":90,"column":0},"end":{"line":90,"column":37}},"90":{"start":{"line":91,"column":0},"end":{"line":91,"column":49}},"91":{"start":{"line":92,"column":0},"end":{"line":92,"column":44}},"92":{"start":{"line":93,"column":0},"end":{"line":93,"column":73}},"93":{"start":{"line":94,"column":0},"end":{"line":94,"column":62}},"94":{"start":{"line":95,"column":0},"end":{"line":95,"column":45}},"95":{"start":{"line":96,"column":0},"end":{"line":96,"column":45}},"96":{"start":{"line":97,"column":0},"end":{"line":97,"column":37}},"97":{"start":{"line":98,"column":0},"end":{"line":98,"column":36}},"98":{"start":{"line":99,"column":0},"end":{"line":99,"column":102}},"99":{"start":{"line":100,"column":0},"end":{"line":100,"column":37}},"100":{"start":{"line":101,"column":0},"end":{"line":101,"column":33}},"101":{"start":{"line":102,"column":0},"end":{"line":102,"column":25}},"102":{"start":{"line":103,"column":0},"end":{"line":103,"column":23}},"103":{"start":{"line":104,"column":0},"end":{"line":104,"column":24}},"104":{"start":{"line":105,"column":0},"end":{"line":105,"column":20}},"105":{"start":{"line":106,"column":0},"end":{"line":106,"column":14}},"106":{"start":{"line":107,"column":0},"end":{"line":107,"column":5}},"107":{"start":{"line":108,"column":0},"end":{"line":108,"column":1}}},"s":{"0":1,"1":1,"2":1,"3":1,"4":1,"5":1,"6":1,"7":1,"8":1,"9":1,"10":1,"11":1,"12":1,"13":1,"14":1,"15":0,"16":0,"17":0,"18":0,"19":0,"20":0,"21":0,"22":1,"23":1,"24":0,"25":0,"26":0,"27":0,"28":0,"29":0,"30":0,"31":0,"32":0,"33":0,"34":0,"35":0,"36":0,"37":0,"38":0,"39":0,"40":0,"41":0,"42":1,"43":1,"44":0,"45":0,"46":1,"47":1,"48":0,"49":0,"50":0,"51":0,"52":1,"53":1,"54":29,"55":3,"56":3,"57":26,"58":0,"59":0,"60":26,"61":8,"62":8,"63":18,"64":18,"65":18,"66":29,"67":1,"68":1,"69":1,"70":1,"71":1,"72":1,"73":29,"74":29,"75":29,"76":29,"77":29,"78":29,"79":29,"80":29,"81":29,"82":29,"83":29,"84":29,"85":29,"86":29,"87":29,"88":29,"89":29,"90":29,"91":29,"92":29,"93":29,"94":29,"95":29,"96":29,"97":29,"98":29,"99":29,"100":29,"101":29,"102":1,"103":1,"104":1,"105":1,"106":1,"107":1},"branchMap":{"0":{"type":"branch","line":9,"loc":{"start":{"line":9,"column":24},"end":{"line":108,"column":1}},"locations":[{"start":{"line":9,"column":24},"end":{"line":108,"column":1}}]},"1":{"type":"branch","line":54,"loc":{"start":{"line":54,"column":4},"end":{"line":67,"column":5}},"locations":[{"start":{"line":54,"column":4},"end":{"line":67,"column":5}}]},"2":{"type":"branch","line":55,"loc":{"start":{"line":55,"column":40},"end":{"line":55,"column":99}},"locations":[{"start":{"line":55,"column":40},"end":{"line":55,"column":99}}]},"3":{"type":"branch","line":55,"loc":{"start":{"line":55,"column":99},"end":{"line":57,"column":9}},"locations":[{"start":{"line":55,"column":99},"end":{"line":57,"column":9}}]},"4":{"type":"branch","line":57,"loc":{"start":{"line":57,"column":8},"end":{"line":66,"column":9}},"locations":[{"start":{"line":57,"column":8},"end":{"line":66,"column":9}}]},"5":{"type":"branch","line":58,"loc":{"start":{"line":58,"column":58},"end":{"line":60,"column":9}},"locations":[{"start":{"line":58,"column":58},"end":{"line":60,"column":9}}]},"6":{"type":"branch","line":61,"loc":{"start":{"line":61,"column":61},"end":{"line":63,"column":9}},"locations":[{"start":{"line":61,"column":61},"end":{"line":63,"column":9}}]},"7":{"type":"branch","line":63,"loc":{"start":{"line":63,"column":8},"end":{"line":66,"column":9}},"locations":[{"start":{"line":63,"column":8},"end":{"line":66,"column":9}}]},"8":{"type":"branch","line":73,"loc":{"start":{"line":73,"column":34},"end":{"line":103,"column":21}},"locations":[{"start":{"line":73,"column":34},"end":{"line":103,"column":21}}]},"9":{"type":"branch","line":108,"loc":{"start":{"line":108,"column":0},"end":{"line":108,"column":1}},"locations":[{"start":{"line":108,"column":0},"end":{"line":108,"column":1}}]}},"b":{"0":[1],"1":[29],"2":[11],"3":[3],"4":[26],"5":[0],"6":[8],"7":[18],"8":[29],"9":[1]},"fnMap":{"0":{"name":"Products","decl":{"start":{"line":9,"column":24},"end":{"line":108,"column":1}},"loc":{"start":{"line":9,"column":24},"end":{"line":108,"column":1}},"line":9},"1":{"name":"addProductToList","decl":{"start":{"line":15,"column":4},"end":{"line":22,"column":5}},"loc":{"start":{"line":15,"column":4},"end":{"line":22,"column":5}},"line":15},"2":{"name":"addQuantityToList","decl":{"start":{"line":24,"column":4},"end":{"line":42,"column":5}},"loc":{"start":{"line":24,"column":4},"end":{"line":42,"column":5}},"line":24},"3":{"name":"removeProductFromList","decl":{"start":{"line":44,"column":4},"end":{"line":46,"column":5}},"loc":{"start":{"line":44,"column":4},"end":{"line":46,"column":5}},"line":44},"4":{"name":"removeQuantityFromList","decl":{"start":{"line":48,"column":4},"end":{"line":52,"column":5}},"loc":{"start":{"line":48,"column":4},"end":{"line":52,"column":5}},"line":48},"5":{"name":"calcPrice","decl":{"start":{"line":54,"column":4},"end":{"line":67,"column":5}},"loc":{"start":{"line":54,"column":4},"end":{"line":67,"column":5}},"line":54},"6":{"name":"onClick","decl":{"start":{"line":81,"column":53},"end":{"line":81,"column":91}},"loc":{"start":{"line":81,"column":53},"end":{"line":81,"column":91}},"line":81},"7":{"name":"onClick","decl":{"start":{"line":89,"column":53},"end":{"line":89,"column":87}},"loc":{"start":{"line":89,"column":53},"end":{"line":89,"column":87}},"line":89},"8":{"name":"onClick","decl":{"start":{"line":99,"column":53},"end":{"line":99,"column":92}},"loc":{"start":{"line":99,"column":53},"end":{"line":99,"column":92}},"line":99},"9":{"name":"get","decl":{"start":{"line":108,"column":0},"end":{"line":108,"column":1}},"loc":{"start":{"line":108,"column":0},"end":{"line":108,"column":1}},"line":108}},"f":{"0":1,"1":0,"2":0,"3":0,"4":0,"5":29,"6":0,"7":0,"8":0,"9":1}}
,"C:\\Users\\jejth\\OneDrive - ITM8\\Dokumenter\\DTU kursus 02363\\git\\Gruppe6-frontEnd\\src\\components\\Topbar.tsx": {"path":"C:\\Users\\jejth\\OneDrive - ITM8\\Dokumenter\\DTU kursus 02363\\git\\Gruppe6-frontEnd\\src\\components\\Topbar.tsx","all":false,"statementMap":{"0":{"start":{"line":1,"column":0},"end":{"line":1,"column":29}},"1":{"start":{"line":2,"column":0},"end":{"line":2,"column":12}},"2":{"start":{"line":3,"column":0},"end":{"line":3,"column":32}},"3":{"start":{"line":4,"column":0},"end":{"line":4,"column":20}},"4":{"start":{"line":5,"column":0},"end":{"line":5,"column":47}},"5":{"start":{"line":6,"column":0},"end":{"line":6,"column":21}},"6":{"start":{"line":7,"column":0},"end":{"line":7,"column":18}},"7":{"start":{"line":8,"column":0},"end":{"line":8,"column":5}},"8":{"start":{"line":9,"column":0},"end":{"line":9,"column":1}}},"s":{"0":1,"1":1,"2":1,"3":1,"4":1,"5":1,"6":1,"7":1,"8":1},"branchMap":{"0":{"type":"branch","line":1,"loc":{"start":{"line":1,"column":22},"end":{"line":9,"column":1}},"locations":[{"start":{"line":1,"column":22},"end":{"line":9,"column":1}}]},"1":{"type":"branch","line":9,"loc":{"start":{"line":9,"column":0},"end":{"line":9,"column":1}},"locations":[{"start":{"line":9,"column":0},"end":{"line":9,"column":1}}]}},"b":{"0":[1],"1":[1]},"fnMap":{"0":{"name":"Topbar","decl":{"start":{"line":1,"column":22},"end":{"line":9,"column":1}},"loc":{"start":{"line":1,"column":22},"end":{"line":9,"column":1}},"line":1},"1":{"name":"get","decl":{"start":{"line":9,"column":0},"end":{"line":9,"column":1}},"loc":{"start":{"line":9,"column":0},"end":{"line":9,"column":1}},"line":9}},"f":{"0":1,"1":1}}
}
